<?xml version="1.0" encoding="UTF-8"?>
<testng-results skipped="0" failed="0" ignored="0" total="0" passed="0">
  <reporter-output>
  </reporter-output>
  <suite name="Benicomp Test Suite" duration-ms="0" started-at="2020-08-06T11:42:32Z" finished-at="2020-08-06T11:42:32Z">
    <groups>
    </groups>
    <test name="Home-Tests" duration-ms="0" started-at="2020-08-06T11:42:32Z" finished-at="2020-08-06T11:42:32Z">
    </test> <!-- Home-Tests -->
  </suite> <!-- Benicomp Test Suite -->
</testng-results>
